2019-02-22 10:56:02.534  INFO 15404 --- [restartedMain] c.s.dictionaryservice.config.SpringApp   : Starting SpringApp on LR90FYLHU with PID 15404 (C:\PerDev\git\Java\dictionaryservice\target\classes started by kalika in C:\PerDev\git\Java\dictionaryservice)
2019-02-22 10:56:02.586  INFO 15404 --- [restartedMain] c.s.dictionaryservice.config.SpringApp   : No active profile set, falling back to default profiles: default
2019-02-22 10:56:02.944  INFO 15404 --- [restartedMain] .e.DevToolsPropertyDefaultsPostProcessor : Devtools property defaults active! Set 'spring.devtools.add-properties' to 'false' to disable
2019-02-22 10:56:02.945  INFO 15404 --- [restartedMain] .e.DevToolsPropertyDefaultsPostProcessor : For additional web related logging consider setting the 'logging.level.web' property to 'DEBUG'
2019-02-22 10:56:07.277  INFO 15404 --- [restartedMain] trationDelegate$BeanPostProcessorChecker : Bean 'org.springframework.hateoas.config.HateoasConfiguration' of type [org.springframework.hateoas.config.HateoasConfiguration$$EnhancerBySpringCGLIB$$a884b750] is not eligible for getting processed by all BeanPostProcessors (for example: not eligible for auto-proxying)
2019-02-22 10:56:10.814  INFO 15404 --- [restartedMain] o.s.b.w.embedded.tomcat.TomcatWebServer  : Tomcat initialized with port(s): 8085 (http)
2019-02-22 10:56:11.095  INFO 15404 --- [restartedMain] o.apache.catalina.core.StandardService   : Starting service [Tomcat]
2019-02-22 10:56:11.096  INFO 15404 --- [restartedMain] org.apache.catalina.core.StandardEngine  : Starting Servlet engine: [Apache Tomcat/9.0.14]
2019-02-22 10:56:11.142  INFO 15404 --- [restartedMain] o.a.catalina.core.AprLifecycleListener   : The APR based Apache Tomcat Native library which allows optimal performance in production environments was not found on the java.library.path: [C:\Program Files\Java\jre1.8.0_172\bin;C:\Windows\Sun\Java\bin;C:\Windows\system32;C:\Windows;C:/Program Files/Java/jre1.8.0_172/bin/server;C:/Program Files/Java/jre1.8.0_172/bin;C:/Program Files/Java/jre1.8.0_172/lib/amd64;C:\Program Files (x86)\Common Files\Oracle\Java\javapath;C:\Program Files (x86)\IBM\WebSphere MQ\Java\lib;C:\Program Files (x86)\Intel\iCLS Client\;C:\Program Files\Intel\iCLS Client\;C:\Windows\system32;C:\Windows;C:\Windows\System32\Wbem;C:\Windows\System32\WindowsPowerShell\v1.0\;C:\Windows\System32\WindowsPowerShell\v1.0\;C:\Windows\System32\WindowsPowerShell\v1.0\;C:\Windows\CCM;C:\Windows\System32\WindowsPowerShell\v1.0\;C:\Windows\CCM;C:\Program Files (x86)\Intel\Intel(R) Management Engine Components\DAL;C:\Program Files\Intel\Intel(R) Management Engine Components\DAL;C:\Program Files (x86)\Intel\Intel(R) Management Engine Components\IPT;C:\Program Files\Intel\Intel(R) Management Engine Components\IPT;C:\Program Files\Intel\WiFi\bin\;C:\Program Files\Common Files\Intel\WirelessCommon\;C:\Program Files\Lenovo\Fingerprint Manager Pro\;C:\Program Files (x86)\Sennheiser\SoftphoneSDK\;C:\Program Files (x86)\IDM Computer Solutions\UltraEdit-32\;C:\Program Files\Dell\Dell Data Protection\Encryption\;C:\PROGRA~2\IBM\SQLLIB\BIN;C:\PROGRA~2\IBM\SQLLIB\FUNCTION;C:\Program Files (x86)\IBM\WebSphere MQ\bin;C:\Program Files (x86)\IBM\WebSphere MQ\tools\c\samples\bin;C:\PerDev\node\;C:\Program Files\PuTTY\;C:\Windows\System32\WindowsPowerShell\v1.0\;C:\Users\kalika\AppData\Roaming\npm;C:\Users\kalika\AppData\Local\Programs\Microsoft VS Code\bin;C:\PerDev\eclipse;;.]
2019-02-22 10:56:11.490  INFO 15404 --- [restartedMain] o.a.c.c.C.[Tomcat].[localhost].[/]       : Initializing Spring embedded WebApplicationContext
2019-02-22 10:56:11.490  INFO 15404 --- [restartedMain] o.s.web.context.ContextLoader            : Root WebApplicationContext: initialization completed in 8545 ms
2019-02-22 10:56:12.957  INFO 15404 --- [restartedMain] o.s.s.concurrent.ThreadPoolTaskExecutor  : Initializing ExecutorService 'applicationTaskExecutor'
2019-02-22 10:56:13.838  INFO 15404 --- [restartedMain] o.s.b.d.a.OptionalLiveReloadServer       : LiveReload server is running on port 35729
2019-02-22 10:56:14.011  INFO 15404 --- [restartedMain] o.s.b.w.embedded.tomcat.TomcatWebServer  : Tomcat started on port(s): 8085 (http) with context path ''
2019-02-22 10:56:14.017  INFO 15404 --- [restartedMain] c.s.dictionaryservice.config.SpringApp   : Started SpringApp in 14.81 seconds (JVM running for 17.405)
2019-02-22 10:56:36.466  INFO 15404 --- [Thread-6] o.s.s.concurrent.ThreadPoolTaskExecutor  : Shutting down ExecutorService 'applicationTaskExecutor'
2019-02-22 10:56:36.992  INFO 15404 --- [restartedMain] c.s.dictionaryservice.config.SpringApp   : Starting SpringApp on LR90FYLHU with PID 15404 (C:\PerDev\git\Java\dictionaryservice\target\classes started by kalika in C:\PerDev\git\Java\dictionaryservice)
2019-02-22 10:56:36.993  INFO 15404 --- [restartedMain] c.s.dictionaryservice.config.SpringApp   : No active profile set, falling back to default profiles: default
2019-02-22 10:56:37.604  INFO 15404 --- [restartedMain] trationDelegate$BeanPostProcessorChecker : Bean 'org.springframework.hateoas.config.HateoasConfiguration' of type [org.springframework.hateoas.config.HateoasConfiguration$$EnhancerBySpringCGLIB$$a884b750] is not eligible for getting processed by all BeanPostProcessors (for example: not eligible for auto-proxying)
2019-02-22 10:56:38.003  INFO 15404 --- [restartedMain] o.s.b.w.embedded.tomcat.TomcatWebServer  : Tomcat initialized with port(s): 8085 (http)
2019-02-22 10:56:38.005  INFO 15404 --- [restartedMain] o.apache.catalina.core.StandardService   : Starting service [Tomcat]
2019-02-22 10:56:38.005  INFO 15404 --- [restartedMain] org.apache.catalina.core.StandardEngine  : Starting Servlet engine: [Apache Tomcat/9.0.14]
2019-02-22 10:56:38.116  INFO 15404 --- [restartedMain] o.a.c.c.C.[Tomcat].[localhost].[/]       : Initializing Spring embedded WebApplicationContext
2019-02-22 10:56:38.117  INFO 15404 --- [restartedMain] o.s.web.context.ContextLoader            : Root WebApplicationContext: initialization completed in 1119 ms
2019-02-22 10:56:38.463  INFO 15404 --- [restartedMain] o.s.s.concurrent.ThreadPoolTaskExecutor  : Initializing ExecutorService 'applicationTaskExecutor'
2019-02-22 10:56:38.639  INFO 15404 --- [restartedMain] o.s.b.d.a.OptionalLiveReloadServer       : LiveReload server is running on port 35729
2019-02-22 10:56:38.663  INFO 15404 --- [restartedMain] o.s.b.w.embedded.tomcat.TomcatWebServer  : Tomcat started on port(s): 8085 (http) with context path ''
2019-02-22 10:56:38.671  INFO 15404 --- [restartedMain] c.s.dictionaryservice.config.SpringApp   : Started SpringApp in 1.723 seconds (JVM running for 42.056)
2019-02-22 10:56:38.677  INFO 15404 --- [restartedMain] .ConditionEvaluationDeltaLoggingListener : Condition evaluation unchanged
2019-02-22 10:57:01.985  INFO 15404 --- [http-nio-8085-exec-3] o.a.c.c.C.[Tomcat].[localhost].[/]       : Initializing Spring DispatcherServlet 'dispatcherServlet'
2019-02-22 10:57:01.986  INFO 15404 --- [http-nio-8085-exec-3] o.s.web.servlet.DispatcherServlet        : Initializing Servlet 'dispatcherServlet'
2019-02-22 10:57:02.017  INFO 15404 --- [http-nio-8085-exec-3] o.s.web.servlet.DispatcherServlet        : Completed initialization in 31 ms
2019-02-22 10:58:21.657  INFO 15404 --- [Thread-10] o.s.s.concurrent.ThreadPoolTaskExecutor  : Shutting down ExecutorService 'applicationTaskExecutor'
2019-02-22 10:58:22.306  INFO 15404 --- [restartedMain] c.s.dictionaryservice.config.SpringApp   : Starting SpringApp on LR90FYLHU with PID 15404 (C:\PerDev\git\Java\dictionaryservice\target\classes started by kalika in C:\PerDev\git\Java\dictionaryservice)
2019-02-22 10:58:22.308  INFO 15404 --- [restartedMain] c.s.dictionaryservice.config.SpringApp   : No active profile set, falling back to default profiles: default
2019-02-22 10:58:22.989  INFO 15404 --- [restartedMain] trationDelegate$BeanPostProcessorChecker : Bean 'org.springframework.hateoas.config.HateoasConfiguration' of type [org.springframework.hateoas.config.HateoasConfiguration$$EnhancerBySpringCGLIB$$a884b750] is not eligible for getting processed by all BeanPostProcessors (for example: not eligible for auto-proxying)
2019-02-22 10:58:23.205  INFO 15404 --- [restartedMain] o.s.b.w.embedded.tomcat.TomcatWebServer  : Tomcat initialized with port(s): 8085 (http)
2019-02-22 10:58:23.209  INFO 15404 --- [restartedMain] o.apache.catalina.core.StandardService   : Starting service [Tomcat]
2019-02-22 10:58:23.209  INFO 15404 --- [restartedMain] org.apache.catalina.core.StandardEngine  : Starting Servlet engine: [Apache Tomcat/9.0.14]
2019-02-22 10:58:23.269  INFO 15404 --- [restartedMain] o.a.c.c.C.[.[.[/api/v1/service]          : Initializing Spring embedded WebApplicationContext
2019-02-22 10:58:23.269  INFO 15404 --- [restartedMain] o.s.web.context.ContextLoader            : Root WebApplicationContext: initialization completed in 957 ms
2019-02-22 10:58:23.466  INFO 15404 --- [restartedMain] o.s.s.concurrent.ThreadPoolTaskExecutor  : Initializing ExecutorService 'applicationTaskExecutor'
2019-02-22 10:58:23.586  INFO 15404 --- [restartedMain] o.s.b.d.a.OptionalLiveReloadServer       : LiveReload server is running on port 35729
2019-02-22 10:58:23.608  INFO 15404 --- [restartedMain] o.s.b.w.embedded.tomcat.TomcatWebServer  : Tomcat started on port(s): 8085 (http) with context path '/api/v1/service'
2019-02-22 10:58:23.619  INFO 15404 --- [restartedMain] c.s.dictionaryservice.config.SpringApp   : Started SpringApp in 1.353 seconds (JVM running for 146.999)
2019-02-22 10:58:23.622  INFO 15404 --- [restartedMain] .ConditionEvaluationDeltaLoggingListener : Condition evaluation unchanged
2019-02-22 10:58:32.182  INFO 15404 --- [http-nio-8085-exec-1] o.a.c.c.C.[.[.[/api/v1/service]          : Initializing Spring DispatcherServlet 'dispatcherServlet'
2019-02-22 10:58:32.183  INFO 15404 --- [http-nio-8085-exec-1] o.s.web.servlet.DispatcherServlet        : Initializing Servlet 'dispatcherServlet'
2019-02-22 10:58:32.187  INFO 15404 --- [http-nio-8085-exec-1] o.s.web.servlet.DispatcherServlet        : Completed initialization in 3 ms
2019-02-22 11:03:58.317  INFO 15404 --- [Thread-16] o.s.s.concurrent.ThreadPoolTaskExecutor  : Shutting down ExecutorService 'applicationTaskExecutor'
2019-02-22 11:03:58.710  INFO 15404 --- [restartedMain] c.s.dictionaryservice.config.SpringApp   : Starting SpringApp on LR90FYLHU with PID 15404 (C:\PerDev\git\Java\dictionaryservice\target\classes started by kalika in C:\PerDev\git\Java\dictionaryservice)
2019-02-22 11:03:58.711  INFO 15404 --- [restartedMain] c.s.dictionaryservice.config.SpringApp   : No active profile set, falling back to default profiles: default
2019-02-22 11:03:59.181  INFO 15404 --- [restartedMain] trationDelegate$BeanPostProcessorChecker : Bean 'org.springframework.hateoas.config.HateoasConfiguration' of type [org.springframework.hateoas.config.HateoasConfiguration$$EnhancerBySpringCGLIB$$a884b750] is not eligible for getting processed by all BeanPostProcessors (for example: not eligible for auto-proxying)
2019-02-22 11:03:59.374  INFO 15404 --- [restartedMain] o.s.b.w.embedded.tomcat.TomcatWebServer  : Tomcat initialized with port(s): 8085 (http)
2019-02-22 11:03:59.375  INFO 15404 --- [restartedMain] o.apache.catalina.core.StandardService   : Starting service [Tomcat]
2019-02-22 11:03:59.375  INFO 15404 --- [restartedMain] org.apache.catalina.core.StandardEngine  : Starting Servlet engine: [Apache Tomcat/9.0.14]
2019-02-22 11:03:59.434  INFO 15404 --- [restartedMain] o.a.c.c.C.[.[.[/api/v1/service]          : Initializing Spring embedded WebApplicationContext
2019-02-22 11:03:59.435  INFO 15404 --- [restartedMain] o.s.web.context.ContextLoader            : Root WebApplicationContext: initialization completed in 721 ms
2019-02-22 11:03:59.656  INFO 15404 --- [restartedMain] o.s.s.concurrent.ThreadPoolTaskExecutor  : Initializing ExecutorService 'applicationTaskExecutor'
2019-02-22 11:03:59.771  INFO 15404 --- [restartedMain] o.s.b.d.a.OptionalLiveReloadServer       : LiveReload server is running on port 35729
2019-02-22 11:03:59.800  INFO 15404 --- [restartedMain] o.s.b.w.embedded.tomcat.TomcatWebServer  : Tomcat started on port(s): 8085 (http) with context path '/api/v1/service'
2019-02-22 11:03:59.802  INFO 15404 --- [restartedMain] c.s.dictionaryservice.config.SpringApp   : Started SpringApp in 1.119 seconds (JVM running for 483.188)
2019-02-22 11:03:59.804  INFO 15404 --- [restartedMain] .ConditionEvaluationDeltaLoggingListener : Condition evaluation unchanged
2019-02-22 11:04:05.952  INFO 15404 --- [http-nio-8085-exec-3] o.a.c.c.C.[.[.[/api/v1/service]          : Initializing Spring DispatcherServlet 'dispatcherServlet'
2019-02-22 11:04:05.953  INFO 15404 --- [http-nio-8085-exec-3] o.s.web.servlet.DispatcherServlet        : Initializing Servlet 'dispatcherServlet'
2019-02-22 11:04:05.955  INFO 15404 --- [http-nio-8085-exec-3] o.s.web.servlet.DispatcherServlet        : Completed initialization in 2 ms
2019-02-22 17:02:41.518  INFO 15404 --- [Thread-22] o.s.s.concurrent.ThreadPoolTaskExecutor  : Shutting down ExecutorService 'applicationTaskExecutor'
2019-02-22 17:03:19.986  INFO 15404 --- [restartedMain] c.s.dictionaryservice.config.SpringApp   : Starting SpringApp on LR90FYLHU with PID 15404 (C:\PerDev\git\Java\dictionaryservice\target\classes started by kalika in C:\PerDev\git\Java\dictionaryservice)
2019-02-22 17:03:19.986  INFO 15404 --- [restartedMain] c.s.dictionaryservice.config.SpringApp   : No active profile set, falling back to default profiles: default
2019-02-22 17:03:27.279  INFO 15404 --- [restartedMain] trationDelegate$BeanPostProcessorChecker : Bean 'org.springframework.hateoas.config.HateoasConfiguration' of type [org.springframework.hateoas.config.HateoasConfiguration$$EnhancerBySpringCGLIB$$a884b750] is not eligible for getting processed by all BeanPostProcessors (for example: not eligible for auto-proxying)
2019-02-22 17:03:30.263  INFO 15404 --- [restartedMain] o.s.b.w.embedded.tomcat.TomcatWebServer  : Tomcat initialized with port(s): 8085 (http)
2019-02-22 17:03:30.264  INFO 15404 --- [restartedMain] o.apache.catalina.core.StandardService   : Starting service [Tomcat]
2019-02-22 17:03:30.264  INFO 15404 --- [restartedMain] org.apache.catalina.core.StandardEngine  : Starting Servlet engine: [Apache Tomcat/9.0.14]
2019-02-22 17:03:30.592  INFO 15404 --- [restartedMain] o.a.c.c.C.[.[.[/api/v1/service]          : Initializing Spring embedded WebApplicationContext
2019-02-22 17:03:30.592  INFO 15404 --- [restartedMain] o.s.web.context.ContextLoader            : Root WebApplicationContext: initialization completed in 10206 ms
2019-02-22 17:03:30.827  INFO 15404 --- [restartedMain] o.s.s.concurrent.ThreadPoolTaskExecutor  : Initializing ExecutorService 'applicationTaskExecutor'
2019-02-22 17:03:31.001  INFO 15404 --- [restartedMain] o.s.b.d.a.OptionalLiveReloadServer       : LiveReload server is running on port 35729
2019-02-22 17:03:31.050  INFO 15404 --- [restartedMain] o.s.b.w.embedded.tomcat.TomcatWebServer  : Tomcat started on port(s): 8085 (http) with context path '/api/v1/service'
2019-02-22 17:03:31.051  INFO 15404 --- [restartedMain] c.s.dictionaryservice.config.SpringApp   : Started SpringApp in 12.174 seconds (JVM running for 22054.186)
2019-02-22 17:03:31.054  INFO 15404 --- [restartedMain] .ConditionEvaluationDeltaLoggingListener : Condition evaluation unchanged
